[debug] [2020-03-15T16:00:24.295Z] ----------------------------------------------------------------------
[debug] [2020-03-15T16:00:24.300Z] Command:       C:\Program Files\nodejs\node.exe C:\Program Files\nodejs\node_modules\firebase-tools\lib\bin\firebase.js serve --only functions
[debug] [2020-03-15T16:00:24.300Z] CLI Version:   7.7.0
[debug] [2020-03-15T16:00:24.300Z] Platform:      win32
[debug] [2020-03-15T16:00:24.300Z] Node Version:  v11.0.0
[debug] [2020-03-15T16:00:24.302Z] Time:          Sun Mar 15 2020 17:00:24 GMT+0100 (Central European Standard Time)
[debug] [2020-03-15T16:00:24.302Z] ----------------------------------------------------------------------
[debug] [2020-03-15T16:00:24.302Z] 
[debug] [2020-03-15T16:00:24.350Z] > command requires scopes: ["email","openid","https://www.googleapis.com/auth/cloudplatformprojects.readonly","https://www.googleapis.com/auth/firebase","https://www.googleapis.com/auth/cloud-platform"]
[debug] [2020-03-15T16:00:24.351Z] > authorizing via signed-in user
[debug] [2020-03-15T16:00:24.351Z] [iam] checking project healthadvisor-nnbwwd for permissions ["firebase.projects.get"]
[debug] [2020-03-15T16:00:24.353Z] >>> HTTP REQUEST POST https://cloudresourcemanager.googleapis.com/v1/projects/healthadvisor-nnbwwd:testIamPermissions  

[debug] [2020-03-15T16:00:25.354Z] <<< HTTP RESPONSE 200
[debug] [2020-03-15T16:00:25.357Z] >>> HTTP REQUEST GET https://firebase.googleapis.com/v1beta1/projects/healthadvisor-nnbwwd  
 
[debug] [2020-03-15T16:00:25.544Z] <<< HTTP RESPONSE 200
[warn] !  Your requested "node" version "10" doesn't match your global version "11"
[info] +  functions: Emulator started at http://localhost:5000
[info] i  functions: Watching "C:\Users\ludvig\dev\narratory\projects\corona-bot\functions" for Cloud Functions...
[debug] [2020-03-15T16:00:28.139Z] [worker-~diagnostic~-a882e6e8-f623-4454-88b0-a92e7e4af708]: BUSY
[debug] [2020-03-15T16:00:28.892Z] [runtime-status] Functions runtime initialized. {"cwd":"C:\\Users\\ludvig\\dev\\narratory\\projects\\corona-bot\\functions","node_version":"11.0.0"}
[debug] [2020-03-15T16:00:28.893Z] [runtime-status] Disabled runtime features: {"functions_config_helper":true,"network_filtering":true,"timeout":true,"memory_limiting":true,"admin_stubs":true} {}
[debug] [2020-03-15T16:00:28.897Z] [runtime-status] Resolved module firebase-admin {"declared":true,"installed":true,"version":"8.10.0","resolution":"C:\\Users\\ludvig\\dev\\narratory\\projects\\corona-bot\\functions\\node_modules\\firebase-admin\\lib\\index.js"}
[debug] [2020-03-15T16:00:28.900Z] [runtime-status] Resolved module firebase-functions {"declared":true,"installed":true,"version":"3.3.0","resolution":"C:\\Users\\ludvig\\dev\\narratory\\projects\\corona-bot\\functions\\node_modules\\firebase-functions\\lib\\index.js"}
[warn] !  functions: Your GOOGLE_APPLICATION_CREDENTIALS environment variable points to C:\Users\ludvig\dev\narratory\util\narratory-1.json. Non-emulated services will access production using these credentials. Be careful!
[debug] [2020-03-15T16:00:28.901Z] [runtime-status] Resolved module firebase-functions {"declared":true,"installed":true,"version":"3.3.0","resolution":"C:\\Users\\ludvig\\dev\\narratory\\projects\\corona-bot\\functions\\node_modules\\firebase-functions\\lib\\index.js"}
[info] +  functions[regions]: http function initialized (http://localhost:5000/healthadvisor-nnbwwd/europe-west1/regions).
[debug] [2020-03-15T16:00:30.701Z] [worker-~diagnostic~-a882e6e8-f623-4454-88b0-a92e7e4af708]: exited
[debug] [2020-03-15T16:00:30.702Z] [worker-~diagnostic~-a882e6e8-f623-4454-88b0-a92e7e4af708]: FINISHED
[debug] [2020-03-15T16:00:53.856Z] File C:\Users\ludvig\dev\narratory\projects\corona-bot\functions\package.json changed, reloading triggers
[debug] [2020-03-15T16:00:54.867Z] [worker-~diagnostic~-cab38c0c-345e-40d5-9732-c9c879c1bf92]: BUSY
[debug] [2020-03-15T16:00:55.920Z] [runtime-status] Functions runtime initialized. {"cwd":"C:\\Users\\ludvig\\dev\\narratory\\projects\\corona-bot\\functions","node_version":"11.0.0"}
[debug] [2020-03-15T16:00:55.924Z] [runtime-status] Disabled runtime features: {"functions_config_helper":true,"network_filtering":true,"timeout":true,"memory_limiting":true,"admin_stubs":true} {}
[debug] [2020-03-15T16:00:55.943Z] [runtime-status] Resolved module firebase-admin {"declared":true,"installed":true,"version":"8.10.0","resolution":"C:\\Users\\ludvig\\dev\\narratory\\projects\\corona-bot\\functions\\node_modules\\firebase-admin\\lib\\index.js"}
[debug] [2020-03-15T16:00:55.946Z] [runtime-status] Resolved module firebase-functions {"declared":true,"installed":true,"version":"3.3.0","resolution":"C:\\Users\\ludvig\\dev\\narratory\\projects\\corona-bot\\functions\\node_modules\\firebase-functions\\lib\\index.js"}
[warn] !  functions: Your GOOGLE_APPLICATION_CREDENTIALS environment variable points to C:\Users\ludvig\dev\narratory\util\narratory-1.json. Non-emulated services will access production using these credentials. Be careful!
[debug] [2020-03-15T16:00:55.948Z] [runtime-status] Resolved module firebase-functions {"declared":true,"installed":true,"version":"3.3.0","resolution":"C:\\Users\\ludvig\\dev\\narratory\\projects\\corona-bot\\functions\\node_modules\\firebase-functions\\lib\\index.js"}
[debug] [2020-03-15T16:00:56.194Z] [worker-~diagnostic~-cab38c0c-345e-40d5-9732-c9c879c1bf92]: exited
[debug] [2020-03-15T16:00:56.194Z] [worker-~diagnostic~-cab38c0c-345e-40d5-9732-c9c879c1bf92]: FINISHED
[debug] [2020-03-15T16:01:20.675Z] Accepted request GET /healthadvisor-nnbwwd/europe-west1/regions --> regions
[debug] [2020-03-15T16:01:20.695Z] [worker-regions-1ea40fe8-32ee-431b-aa5b-7e300b1ef20e]: BUSY
[debug] [2020-03-15T16:01:21.533Z] [runtime-status] Functions runtime initialized. {"cwd":"C:\\Users\\ludvig\\dev\\narratory\\projects\\corona-bot\\functions","node_version":"11.0.0"}
[debug] [2020-03-15T16:01:21.537Z] [runtime-status] Disabled runtime features: {"functions_config_helper":true,"network_filtering":true,"timeout":true,"memory_limiting":true,"admin_stubs":true} {}
[debug] [2020-03-15T16:01:21.544Z] [runtime-status] Resolved module firebase-admin {"declared":true,"installed":true,"version":"8.10.0","resolution":"C:\\Users\\ludvig\\dev\\narratory\\projects\\corona-bot\\functions\\node_modules\\firebase-admin\\lib\\index.js"}
[debug] [2020-03-15T16:01:21.547Z] [runtime-status] Resolved module firebase-functions {"declared":true,"installed":true,"version":"3.3.0","resolution":"C:\\Users\\ludvig\\dev\\narratory\\projects\\corona-bot\\functions\\node_modules\\firebase-functions\\lib\\index.js"}
[warn] !  functions: Your GOOGLE_APPLICATION_CREDENTIALS environment variable points to C:\Users\ludvig\dev\narratory\util\narratory-1.json. Non-emulated services will access production using these credentials. Be careful!
[debug] [2020-03-15T16:01:21.549Z] [runtime-status] Resolved module firebase-functions {"declared":true,"installed":true,"version":"3.3.0","resolution":"C:\\Users\\ludvig\\dev\\narratory\\projects\\corona-bot\\functions\\node_modules\\firebase-functions\\lib\\index.js"}
[debug] [2020-03-15T16:01:21.752Z] [runtime-status] Trigger "regions" has been found, beginning invocation! {}
[info] i  functions: Beginning execution of "regions"
[debug] [2020-03-15T16:01:21.753Z] [runtime-status]  {"regions":["europe-west1"],"timeout":"60s","availableMemoryMb":256,"httpsTrigger":{},"name":"regions","entryPoint":"regions"}
[debug] [2020-03-15T16:01:21.753Z] [runtime-status] Running regions in mode HTTPS {}
[debug] [2020-03-15T16:01:21.771Z] {"socketPath":"\\\\?\\pipe\\C:\\Users\\ludvig\\dev\\narratory\\projects\\corona-bot\\functions\\9140"}
[debug] [2020-03-15T16:01:21.772Z] [functions] Runtime ready! Sending request! {"socketPath":"\\\\?\\pipe\\C:\\Users\\ludvig\\dev\\narratory\\projects\\corona-bot\\functions\\9140"}
[debug] [2020-03-15T16:01:21.789Z] [runtime-status] Ephemeral server used! {}
[debug] [2020-03-15T16:01:21.805Z] [runtime-status] Ephemeral server survived. {}
[info] i  functions: Finished "regions" in ~1s
[debug] [2020-03-15T16:01:21.811Z] [worker-regions-1ea40fe8-32ee-431b-aa5b-7e300b1ef20e]: IDLE
